2020-05-11 18:05:501 INFO  Testbase:60 - Initialize web driver: 1396431506
2020-05-11 18:05:670 INFO  Testbase:40 - ----Starting
2020-05-11 18:05:690 INFO  Testbase:60 - Initialize web driver: 1396431506
2020-05-11 18:05:856 INFO  Testbase:40 - ----Starting
2020-05-11 18:05:638 INFO  Testbase:61 - Initialize web driver: 1396431506
2020-05-11 18:05:834 INFO  Testbase:40 - ----Starting
2020-05-11 18:05:520 INFO  Testbase:61 - Initialize web driver: 1396431506
2020-05-11 18:05:760 INFO  Testbase:40 - ----Starting
2020-05-11 18:05:787 INFO  Testbase:61 - Initialize web driver: 1396431506
2020-05-11 18:05:949 INFO  Testbase:40 - ----Starting
2020-05-11 18:05:730 INFO  Testbase:61 - Initialize web driver: 1396431506
2020-05-11 18:05:881 INFO  Testbase:40 - ----Starting
2020-05-11 18:05:683 INFO  Testbase:61 - Initialize web driver: 1396431506
2020-05-11 18:05:879 INFO  Testbase:40 - ----Starting
2020-05-11 18:05:940 INFO  Testbase:61 - Initialize web driver: 1396431506
2020-05-11 18:05:110 INFO  Testbase:40 - ----Starting
2020-05-11 18:05:392 INFO  Testbase:61 - Initialize web driver: 1396431506
2020-05-11 18:05:578 INFO  Testbase:40 - ----Starting
2020-05-11 18:05:535 INFO  Testbase:59 - Initialize web driver: 1396431506
2020-05-11 18:05:742 INFO  Testbase:38 - ----Starting
2020-05-11 18:05:64 INFO  Testbase:59 - Initialize web driver: 1396431506
2020-05-11 18:05:260 INFO  Testbase:38 - ----Starting
2020-05-11 18:05:466 INFO  Testbase:59 - Initialize web driver: 1396431506
2020-05-11 18:05:707 INFO  Testbase:38 - ----Starting
2020-05-11 18:05:432 INFO  Testbase:59 - Initialize web driver: 1396431506
2020-05-11 18:05:641 INFO  Testbase:38 - ----Starting
2020-05-11 18:05:788 INFO  Testbase:59 - Initialize web driver: 1396431506
2020-05-11 18:05:986 INFO  Testbase:38 - ----Starting
2020-05-11 18:05:130 INFO  Testbase:38 - ----Starting
2020-05-11 18:05:310 INFO  Testbase:59 - Initialize web driver: 1396431506
2020-05-11 18:05:514 INFO  Testbase:38 - ----Starting
2020-05-11 18:05:951 INFO  Testbase:38 - ----Starting
2020-05-11 19:05:612 INFO  Testbase:59 - Initialize web driver: 1396431506
2020-05-11 19:05:844 INFO  Testbase:38 - ----Starting
2020-05-11 19:05:683 INFO  Testbase:38 - ----Starting
2020-05-11 19:05:53 INFO  Testbase:59 - Initialize web driver: 1396431506
2020-05-11 19:05:315 INFO  Testbase:38 - ----Starting
2020-05-11 19:05:791 INFO  Testbase:38 - ----Starting
2020-05-11 19:05:57 INFO  Testbase:59 - Initialize web driver: 1396431506
2020-05-11 19:05:321 INFO  Testbase:38 - ----Starting
2020-05-11 19:05:195 INFO  Testbase:38 - ----Starting
2020-05-11 19:05:768 INFO  Testbase:59 - Initialize web driver: 1396431506
2020-05-11 19:05:27 INFO  Testbase:38 - ----Starting
2020-05-11 19:05:959 INFO  Testbase:38 - ----Starting
2020-05-11 19:05:209 INFO  Testbase:59 - Initialize web driver: 1396431506
2020-05-11 19:05:398 INFO  Testbase:38 - ----Starting
2020-05-11 19:05:270 INFO  Testbase:38 - ----Starting
2020-05-11 19:05:659 INFO  Testbase:59 - Initialize web driver: 1396431506
2020-05-11 19:05:921 INFO  Testbase:38 - ----Starting
2020-05-11 19:05:449 INFO  Testbase:38 - ----Starting
2020-05-11 19:05:486 INFO  Testbase:59 - Initialize web driver: 1396431506
2020-05-11 19:05:748 INFO  Testbase:38 - ----Starting
2020-05-11 19:05:409 INFO  Testbase:38 - ----Starting
2020-05-11 19:05:16 INFO  Testbase:59 - Initialize web driver: 1396431506
2020-05-11 19:05:285 INFO  Testbase:38 - ----Starting
2020-05-11 19:05:544 INFO  Testbase:38 - ----Starting
2020-05-11 19:05:629 INFO  Testbase:59 - Initialize web driver: 1396431506
2020-05-11 19:05:846 INFO  Testbase:38 - ----Starting
2020-05-11 19:05:964 INFO  Testbase:38 - ----Starting
2020-05-11 19:05:971 INFO  Testbase:59 - Initialize web driver: 1396431506
2020-05-11 19:05:237 INFO  Testbase:38 - ----Starting
2020-05-11 19:05:09 INFO  Testbase:38 - ----Starting
2020-05-11 19:05:57 INFO  Testbase:59 - Initialize web driver: 1396431506
2020-05-11 19:05:343 INFO  Testbase:38 - ----Starting
2020-05-11 19:05:772 INFO  Testbase:38 - ----Starting
2020-05-11 19:05:851 INFO  Testbase:59 - Initialize web driver: 1396431506
2020-05-11 19:05:91 INFO  Testbase:38 - ----Starting
2020-05-11 19:05:840 INFO  Testbase:38 - ----Starting
2020-05-11 19:05:350 INFO  Testbase:59 - Initialize web driver: 1396431506
2020-05-11 19:05:572 INFO  Testbase:38 - ----Starting
2020-05-11 19:05:532 INFO  Testbase:38 - ----Starting
2020-05-11 19:05:627 INFO  Testbase:59 - Initialize web driver: 1396431506
2020-05-11 19:05:890 INFO  Testbase:38 - ----Starting
2020-05-11 20:05:167 INFO  Testbase:38 - ----Starting
2020-05-11 20:05:42 INFO  Testbase:59 - Initialize web driver: 1396431506
2020-05-11 20:05:277 INFO  Testbase:38 - ----Starting
2020-05-11 20:05:485 INFO  Testbase:38 - ----Starting
2020-05-11 20:05:232 INFO  Testbase:59 - Initialize web driver: 1396431506
2020-05-11 20:05:506 INFO  Testbase:38 - ----Starting
2020-05-11 20:05:09 INFO  Testbase:38 - ----Starting
2020-05-11 20:05:717 INFO  Testbase:59 - Initialize web driver: 1396431506
2020-05-11 20:05:941 INFO  Testbase:38 - ----Starting
2020-05-11 20:05:928 INFO  Testbase:38 - ----Starting
2020-05-11 20:05:63 INFO  Testbase:59 - Initialize web driver: 1396431506
2020-05-11 20:05:298 INFO  Testbase:38 - ----Starting
2020-05-11 20:05:609 INFO  Testbase:38 - ----Starting
2020-05-11 20:05:546 INFO  Testbase:59 - Initialize web driver: 1396431506
2020-05-11 20:05:771 INFO  Testbase:38 - ----Starting
2020-05-11 20:05:383 INFO  Testbase:38 - ----Starting
2020-05-11 20:05:111 INFO  Testbase:59 - Initialize web driver: 1396431506
2020-05-11 20:05:364 INFO  Testbase:38 - ----Starting
2020-05-11 20:05:922 INFO  Testbase:38 - ----Starting
2020-05-11 20:05:24 INFO  Testbase:59 - Initialize web driver: 1396431506
2020-05-11 20:05:305 INFO  Testbase:38 - ----Starting
2020-05-11 20:05:238 INFO  Testbase:38 - ----Starting
2020-05-11 20:05:205 INFO  Testbase:59 - Initialize web driver: 1396431506
2020-05-11 20:05:446 INFO  Testbase:38 - ----Starting
2020-05-11 20:05:496 INFO  Testbase:38 - ----Starting
2020-05-11 20:05:627 INFO  Testbase:59 - Initialize web driver: 1396431506
2020-05-11 20:05:920 INFO  Testbase:38 - ----Starting
2020-05-11 20:05:206 INFO  Testbase:38 - ----Starting
2020-05-11 20:05:304 INFO  Testbase:59 - Initialize web driver: 1396431506
2020-05-11 20:05:527 INFO  Testbase:38 - ----Starting
2020-05-11 20:05:582 INFO  Testbase:38 - ----Starting
2020-05-11 20:05:700 INFO  Testbase:59 - Initialize web driver: 1396431506
2020-05-11 20:05:946 INFO  Testbase:38 - ----Starting
2020-05-11 20:05:87 INFO  Testbase:38 - ----Starting
2020-05-11 20:05:512 INFO  Testbase:59 - Initialize web driver: 1396431506
2020-05-11 20:05:751 INFO  Testbase:38 - ----Starting
2020-05-11 20:05:836 INFO  Testbase:38 - ----Starting
2020-05-11 20:05:311 INFO  Testbase:59 - Initialize web driver: 1396431506
2020-05-11 20:05:571 INFO  Testbase:38 - ----Starting
2020-05-11 20:05:31 INFO  Testbase:38 - ----Starting
2020-05-11 20:05:982 INFO  Testbase:59 - Initialize web driver: 1396431506
2020-05-11 20:05:267 INFO  Testbase:38 - ----Starting
2020-05-11 20:05:494 INFO  Testbase:38 - ----Starting
2020-05-11 20:05:897 INFO  Testbase:59 - Initialize web driver: 1396431506
2020-05-11 20:05:158 INFO  Testbase:38 - ----Starting
2020-05-11 20:05:468 INFO  Testbase:38 - ----Starting
2020-05-11 21:05:889 INFO  Testbase:59 - Initialize web driver: 1396431506
2020-05-11 21:05:99 INFO  Testbase:38 - ----Starting
2020-05-11 21:05:650 INFO  Testbase:38 - ----Starting
2020-05-11 21:05:658 INFO  Homepage:53 - Test Case3 is starting
2020-05-11 21:05:326 INFO  Testbase:38 - ----Starting
2020-05-11 21:05:337 INFO  Homepage:75 - Test Case3 is starting
2020-05-11 21:05:295 INFO  Testbase:59 - Initialize web driver: 1396431506
2020-05-11 21:05:515 INFO  Testbase:38 - ----Starting
2020-05-11 21:05:11 INFO  Testbase:38 - ----Starting
2020-05-11 21:05:19 INFO  Homepage:53 - Test Case3 is starting
2020-05-11 21:05:105 INFO  Testbase:38 - ----Starting
2020-05-11 21:05:112 INFO  Homepage:75 - Test Case3 is starting
2020-05-11 21:05:469 INFO  Testbase:59 - Initialize web driver: 1396431506
2020-05-11 21:05:723 INFO  Testbase:38 - ----Starting
2020-05-11 21:05:411 INFO  Testbase:38 - ----Starting
2020-05-11 21:05:440 INFO  Homepage:53 - Test Case3 is starting
2020-05-11 21:05:697 INFO  Testbase:38 - ----Starting
2020-05-11 21:05:706 INFO  Homepage:75 - Test Case3 is starting
2020-05-11 21:05:250 INFO  Testbase:59 - Initialize web driver: 1396431506
2020-05-11 21:05:476 INFO  Testbase:38 - ----Starting
2020-05-11 21:05:193 INFO  Testbase:38 - ----Starting
2020-05-11 21:05:203 INFO  Homepage:53 - Test Case3 is starting
2020-05-11 21:05:496 INFO  Testbase:38 - ----Starting
2020-05-11 21:05:517 INFO  Homepage:75 - Test Case3 is starting
2020-05-11 21:05:272 INFO  Testbase:38 - ----Starting
2020-05-11 21:05:662 INFO  Testbase:86 - Driver not found Firefox
2020-05-11 21:05:808 INFO  Testbase:86 - Driver not found Firefox
2020-05-11 21:05:112 INFO  Testbase:61 - Initialize web driver: 477376212
2020-05-11 21:05:230 INFO  Testbase:40 - ----Starting
2020-05-11 21:05:560 INFO  Testbase:40 - ----Starting
2020-05-11 21:05:574 INFO  Homepage:53 - Test Case3 is starting
2020-05-11 21:05:631 INFO  Testbase:40 - ----Starting
2020-05-11 21:05:639 INFO  Homepage:75 - Test Case3 is starting
2020-05-11 21:05:544 INFO  Testbase:40 - ----Starting
2020-05-11 21:05:600 INFO  Testbase:61 - Initialize web driver: 477376212
2020-05-11 21:05:750 INFO  Testbase:40 - ----Starting
2020-05-11 21:05:433 INFO  Testbase:40 - ----Starting
2020-05-11 21:05:455 INFO  Homepage:53 - Test Case3 is starting
2020-05-11 21:05:474 INFO  Testbase:40 - ----Starting
2020-05-11 21:05:476 INFO  Homepage:75 - Test Case3 is starting
2020-05-11 21:05:482 INFO  Testbase:40 - ----Starting
2020-05-11 23:05:438 INFO  Testbase:61 - Initialize web driver: 1392794732
2020-05-11 23:05:619 INFO  Testbase:40 - ----Starting
2020-05-11 23:05:524 INFO  Homepage:43 - Test Case 1: --starting
2020-05-11 23:05:330 INFO  Testbase:40 - ----Starting
2020-05-11 23:05:904 INFO  Testbase:61 - Initialize web driver: 1072377306
2020-05-11 23:05:881 INFO  Testbase:89 - Driver not found Firefox
2020-05-11 23:05:153 INFO  Testbase:89 - Driver not found Firefox
2020-05-11 23:05:912 INFO  Testbase:89 - Driver not found Firefox
2020-05-11 23:05:373 INFO  Testbase:89 - Driver not found Firefox
2020-05-11 23:05:184 INFO  Testbase:88 - Driver not found Firefox
2020-05-11 23:05:627 INFO  Testbase:88 - Driver not found Firefox
2020-05-11 23:05:39 INFO  Testbase:88 - Driver not found Firefox
2020-05-11 23:05:265 INFO  Testbase:88 - Driver not found Firefox
2020-05-11 23:05:196 INFO  Testbase:61 - Initialize web driver: 1062186835
2020-05-11 23:05:476 INFO  Testbase:40 - ----Starting
2020-05-11 23:05:807 INFO  Testbase:61 - Initialize web driver: 1702143276
2020-05-11 23:05:58 INFO  Testbase:40 - ----Starting
2020-05-11 23:05:932 INFO  Homepage:43 - Test Case 1: --starting
2020-05-11 23:05:484 INFO  Testbase:61 - Initialize web driver: 1702143276
